# JRE version: OpenJDK Runtime Environment Temurin-21.0.9+10 (21.0.9+10) (build 21.0.9+10-LTS)
# Java VM: OpenJDK 64-Bit Server VM Temurin-21.0.9+10 (21.0.9+10-LTS, mixed mode, sharing, tiered, compressed oops, compressed class ptrs, parallel gc, windows-amd64)
GC Precious Log:
 CardTable entry size: 512
 CPUs: 8 total, 8 available
 Memory: 16183M
 Large Page Support: Disabled
 NUMA Support: Disabled
 Compressed Oops: Enabled (32-bit)
 Alignments: Space 512K, Generation 512K, Heap 2M
 Heap Min Capacity: 100M
 Heap Initial Capacity: 100M
 Heap Max Capacity: 2G
 Pre-touch: Disabled
 Parallel Workers: 8
Heap:
 PSYoungGen      total 3584K, used 2661K [0x00000000d5580000, 0x00000000d5a00000, 0x0000000100000000)
  eden space 3072K, 79% used [0x00000000d5580000,0x00000000d57e1668,0x00000000d5880000)
  from space 512K, 43% used [0x00000000d5900000,0x00000000d5938000,0x00000000d5980000)
  to   space 512K, 0% used [0x00000000d5980000,0x00000000d5980000,0x00000000d5a00000)
 ParOldGen       total 594432K, used 143803K [0x0000000080000000, 0x00000000a4480000, 0x00000000d5580000)
  object space 594432K, 24% used [0x0000000080000000,0x0000000088c6ee78,0x00000000a4480000)
 Metaspace       used 74482K, committed 76288K, reserved 1179648K
  class space    used 7530K, committed 8320K, reserved 1048576K
GC Heap History (20 events):
Event: 4971.347 GC heap before
{Heap before GC invocations=352 (full 4):
 PSYoungGen      total 4096K, used 3808K [0x00000000d5580000, 0x00000000d5a80000, 0x0000000100000000)
  eden space 3072K, 100% used [0x00000000d5580000,0x00000000d5880000,0x00000000d5880000)
  from space 1024K, 71% used [0x00000000d5880000,0x00000000d5938000,0x00000000d5980000)
  to   space 1024K, 0% used [0x00000000d5980000,0x00000000d5980000,0x00000000d5a80000)
 ParOldGen       total 594432K, used 141377K [0x0000000080000000, 0x00000000a4480000, 0x00000000d5580000)
  object space 594432K, 23% used [0x0000000080000000,0x0000000088a10510,0x00000000a4480000)
 Metaspace       used 74362K, committed 76224K, reserved 1179648K
  class space    used 7529K, committed 8320K, reserved 1048576K
}
Event: 4971.348 GC heap after
{Heap after GC invocations=352 (full 4):
 PSYoungGen      total 4096K, used 844K [0x00000000d5580000, 0x00000000d5a80000, 0x0000000100000000)
  eden space 3072K, 0% used [0x00000000d5580000,0x00000000d5580000,0x00000000d5880000)
  from space 1024K, 82% used [0x00000000d5980000,0x00000000d5a533f8,0x00000000d5a80000)
  to   space 1024K, 0% used [0x00000000d5880000,0x00000000d5880000,0x00000000d5980000)
 ParOldGen       total 594432K, used 142023K [0x0000000080000000, 0x00000000a4480000, 0x00000000d5580000)
  object space 594432K, 23% used [0x0000000080000000,0x0000000088ab1e40,0x00000000a4480000)
 Metaspace       used 74362K, committed 76224K, reserved 1179648K
  class space    used 7529K, committed 8320K, reserved 1048576K
}
Event: 5021.016 GC heap before
{Heap before GC invocations=353 (full 4):
 PSYoungGen      total 4096K, used 3916K [0x00000000d5580000, 0x00000000d5a80000, 0x0000000100000000)
  eden space 3072K, 100% used [0x00000000d5580000,0x00000000d5880000,0x00000000d5880000)
  from space 1024K, 82% used [0x00000000d5980000,0x00000000d5a533f8,0x00000000d5a80000)
  to   space 1024K, 0% used [0x00000000d5880000,0x00000000d5880000,0x00000000d5980000)
 ParOldGen       total 594432K, used 142023K [0x0000000080000000, 0x00000000a4480000, 0x00000000d5580000)
  object space 594432K, 23% used [0x0000000080000000,0x0000000088ab1e40,0x00000000a4480000)
 Metaspace       used 74372K, committed 76224K, reserved 1179648K
  class space    used 7529K, committed 8320K, reserved 1048576K
}
Event: 5021.016 GC heap after
{Heap after GC invocations=353 (full 4):
 PSYoungGen      total 4096K, used 224K [0x00000000d5580000, 0x00000000d5a00000, 0x0000000100000000)
  eden space 3072K, 0% used [0x00000000d5580000,0x00000000d5580000,0x00000000d5880000)
  from space 1024K, 21% used [0x00000000d5880000,0x00000000d58b8000,0x00000000d5980000)
  to   space 512K, 0% used [0x00000000d5980000,0x00000000d5980000,0x00000000d5a00000)
 ParOldGen       total 594432K, used 142136K [0x0000000080000000, 0x00000000a4480000, 0x00000000d5580000)
  object space 594432K, 23% used [0x0000000080000000,0x0000000088ace140,0x00000000a4480000)
 Metaspace       used 74372K, committed 76224K, reserved 1179648K
  class space    used 7529K, committed 8320K, reserved 1048576K
}
Event: 5021.027 GC heap before
{Heap before GC invocations=354 (full 4):
 PSYoungGen      total 4096K, used 3295K [0x00000000d5580000, 0x00000000d5a00000, 0x0000000100000000)
  eden space 3072K, 99% used [0x00000000d5580000,0x00000000d587ffe8,0x00000000d5880000)
  from space 1024K, 21% used [0x00000000d5880000,0x00000000d58b8000,0x00000000d5980000)
  to   space 512K, 0% used [0x00000000d5980000,0x00000000d5980000,0x00000000d5a00000)
 ParOldGen       total 594432K, used 142136K [0x0000000080000000, 0x00000000a4480000, 0x00000000d5580000)
  object space 594432K, 23% used [0x0000000080000000,0x0000000088ace140,0x00000000a4480000)
 Metaspace       used 74375K, committed 76224K, reserved 1179648K
  class space    used 7529K, committed 8320K, reserved 1048576K
}
Event: 5021.028 GC heap after
{Heap after GC invocations=354 (full 4):
 PSYoungGen      total 3584K, used 276K [0x00000000d5580000, 0x00000000d5a00000, 0x0000000100000000)
  eden space 3072K, 0% used [0x00000000d5580000,0x00000000d5580000,0x00000000d5880000)
  from space 512K, 54% used [0x00000000d5980000,0x00000000d59c5200,0x00000000d5a00000)
  to   space 512K, 0% used [0x00000000d5900000,0x00000000d5900000,0x00000000d5980000)
 ParOldGen       total 594432K, used 142208K [0x0000000080000000, 0x00000000a4480000, 0x00000000d5580000)
  object space 594432K, 23% used [0x0000000080000000,0x0000000088ae0150,0x00000000a4480000)
 Metaspace       used 74375K, committed 76224K, reserved 1179648K
  class space    used 7529K, committed 8320K, reserved 1048576K
}
Event: 5136.838 GC heap before
{Heap before GC invocations=355 (full 4):
 PSYoungGen      total 3584K, used 3348K [0x00000000d5580000, 0x00000000d5a00000, 0x0000000100000000)
  eden space 3072K, 100% used [0x00000000d5580000,0x00000000d5880000,0x00000000d5880000)
  from space 512K, 54% used [0x00000000d5980000,0x00000000d59c5200,0x00000000d5a00000)
  to   space 512K, 0% used [0x00000000d5900000,0x00000000d5900000,0x00000000d5980000)
 ParOldGen       total 594432K, used 142208K [0x0000000080000000, 0x00000000a4480000, 0x00000000d5580000)
  object space 594432K, 23% used [0x0000000080000000,0x0000000088ae0150,0x00000000a4480000)
 Metaspace       used 74406K, committed 76224K, reserved 1179648K
  class space    used 7529K, committed 8320K, reserved 1048576K
}
Event: 5136.839 GC heap after
{Heap after GC invocations=355 (full 4):
 PSYoungGen      total 3584K, used 256K [0x00000000d5580000, 0x00000000d5a00000, 0x0000000100000000)
  eden space 3072K, 0% used [0x00000000d5580000,0x00000000d5580000,0x00000000d5880000)
  from space 512K, 50% used [0x00000000d5900000,0x00000000d5940000,0x00000000d5980000)
  to   space 512K, 0% used [0x00000000d5980000,0x00000000d5980000,0x00000000d5a00000)
 ParOldGen       total 594432K, used 142216K [0x0000000080000000, 0x00000000a4480000, 0x00000000d5580000)
  object space 594432K, 23% used [0x0000000080000000,0x0000000088ae2150,0x00000000a4480000)
 Metaspace       used 74406K, committed 76224K, reserved 1179648K
  class space    used 7529K, committed 8320K, reserved 1048576K
}
Event: 5136.843 GC heap before
{Heap before GC invocations=356 (full 4):
 PSYoungGen      total 3584K, used 3328K [0x00000000d5580000, 0x00000000d5a00000, 0x0000000100000000)
  eden space 3072K, 100% used [0x00000000d5580000,0x00000000d5880000,0x00000000d5880000)
  from space 512K, 50% used [0x00000000d5900000,0x00000000d5940000,0x00000000d5980000)
  to   space 512K, 0% used [0x00000000d5980000,0x00000000d5980000,0x00000000d5a00000)
 ParOldGen       total 594432K, used 142216K [0x0000000080000000, 0x00000000a4480000, 0x00000000d5580000)
  object space 594432K, 23% used [0x0000000080000000,0x0000000088ae2150,0x00000000a4480000)
 Metaspace       used 74406K, committed 76224K, reserved 1179648K
  class space    used 7529K, committed 8320K, reserved 1048576K
}
Event: 5136.844 GC heap after
{Heap after GC invocations=356 (full 4):
 PSYoungGen      total 3584K, used 490K [0x00000000d5580000, 0x00000000d5a80000, 0x0000000100000000)
  eden space 3072K, 0% used [0x00000000d5580000,0x00000000d5580000,0x00000000d5880000)
  from space 512K, 95% used [0x00000000d5980000,0x00000000d59fa910,0x00000000d5a00000)
  to   space 1024K, 0% used [0x00000000d5880000,0x00000000d5880000,0x00000000d5980000)
 ParOldGen       total 594432K, used 142459K [0x0000000080000000, 0x00000000a4480000, 0x00000000d5580000)
  object space 594432K, 23% used [0x0000000080000000,0x0000000088b1ec78,0x00000000a4480000)
 Metaspace       used 74406K, committed 76224K, reserved 1179648K
  class space    used 7529K, committed 8320K, reserved 1048576K
}
Event: 5136.850 GC heap before
{Heap before GC invocations=357 (full 4):
 PSYoungGen      total 3584K, used 3562K [0x00000000d5580000, 0x00000000d5a80000, 0x0000000100000000)
  eden space 3072K, 100% used [0x00000000d5580000,0x00000000d5880000,0x00000000d5880000)
  from space 512K, 95% used [0x00000000d5980000,0x00000000d59fa910,0x00000000d5a00000)
  to   space 1024K, 0% used [0x00000000d5880000,0x00000000d5880000,0x00000000d5980000)
 ParOldGen       total 594432K, used 142459K [0x0000000080000000, 0x00000000a4480000, 0x00000000d5580000)
  object space 594432K, 23% used [0x0000000080000000,0x0000000088b1ec78,0x00000000a4480000)
 Metaspace       used 74414K, committed 76224K, reserved 1179648K
  class space    used 7529K, committed 8320K, reserved 1048576K
}
Event: 5136.851 GC heap after
{Heap after GC invocations=357 (full 4):
 PSYoungGen      total 4096K, used 724K [0x00000000d5580000, 0x00000000d5a80000, 0x0000000100000000)
  eden space 3072K, 0% used [0x00000000d5580000,0x00000000d5580000,0x00000000d5880000)
  from space 1024K, 70% used [0x00000000d5880000,0x00000000d5935200,0x00000000d5980000)
  to   space 1024K, 0% used [0x00000000d5980000,0x00000000d5980000,0x00000000d5a80000)
 ParOldGen       total 594432K, used 142938K [0x0000000080000000, 0x00000000a4480000, 0x00000000d5580000)
  object space 594432K, 24% used [0x0000000080000000,0x0000000088b96980,0x00000000a4480000)
 Metaspace       used 74414K, committed 76224K, reserved 1179648K
  class space    used 7529K, committed 8320K, reserved 1048576K
}
Event: 5136.855 GC heap before
{Heap before GC invocations=358 (full 4):
 PSYoungGen      total 4096K, used 3796K [0x00000000d5580000, 0x00000000d5a80000, 0x0000000100000000)
  eden space 3072K, 100% used [0x00000000d5580000,0x00000000d5880000,0x00000000d5880000)
  from space 1024K, 70% used [0x00000000d5880000,0x00000000d5935200,0x00000000d5980000)
  to   space 1024K, 0% used [0x00000000d5980000,0x00000000d5980000,0x00000000d5a80000)
 ParOldGen       total 594432K, used 142938K [0x0000000080000000, 0x00000000a4480000, 0x00000000d5580000)
  object space 594432K, 24% used [0x0000000080000000,0x0000000088b96980,0x00000000a4480000)
 Metaspace       used 74414K, committed 76224K, reserved 1179648K
  class space    used 7529K, committed 8320K, reserved 1048576K
}
Event: 5136.856 GC heap after
{Heap after GC invocations=358 (full 4):
 PSYoungGen      total 4096K, used 770K [0x00000000d5580000, 0x00000000d5a80000, 0x0000000100000000)
  eden space 3072K, 0% used [0x00000000d5580000,0x00000000d5580000,0x00000000d5880000)
  from space 1024K, 75% used [0x00000000d5980000,0x00000000d5a40b08,0x00000000d5a80000)
  to   space 1024K, 0% used [0x00000000d5880000,0x00000000d5880000,0x00000000d5980000)
 ParOldGen       total 594432K, used 143568K [0x0000000080000000, 0x00000000a4480000, 0x00000000d5580000)
  object space 594432K, 24% used [0x0000000080000000,0x0000000088c34380,0x00000000a4480000)
 Metaspace       used 74414K, committed 76224K, reserved 1179648K
  class space    used 7529K, committed 8320K, reserved 1048576K
}
Event: 5167.165 GC heap before
{Heap before GC invocations=359 (full 4):
 PSYoungGen      total 4096K, used 3842K [0x00000000d5580000, 0x00000000d5a80000, 0x0000000100000000)
  eden space 3072K, 100% used [0x00000000d5580000,0x00000000d5880000,0x00000000d5880000)
  from space 1024K, 75% used [0x00000000d5980000,0x00000000d5a40b08,0x00000000d5a80000)
  to   space 1024K, 0% used [0x00000000d5880000,0x00000000d5880000,0x00000000d5980000)
 ParOldGen       total 594432K, used 143568K [0x0000000080000000, 0x00000000a4480000, 0x00000000d5580000)
  object space 594432K, 24% used [0x0000000080000000,0x0000000088c34380,0x00000000a4480000)
 Metaspace       used 74435K, committed 76224K, reserved 1179648K
  class space    used 7529K, committed 8320K, reserved 1048576K
}
Event: 5167.165 GC heap after
{Heap after GC invocations=359 (full 4):
 PSYoungGen      total 4096K, used 256K [0x00000000d5580000, 0x00000000d5a00000, 0x0000000100000000)
  eden space 3072K, 0% used [0x00000000d5580000,0x00000000d5580000,0x00000000d5880000)
  from space 1024K, 25% used [0x00000000d5880000,0x00000000d58c0000,0x00000000d5980000)
  to   space 512K, 0% used [0x00000000d5980000,0x00000000d5980000,0x00000000d5a00000)
 ParOldGen       total 594432K, used 143619K [0x0000000080000000, 0x00000000a4480000, 0x00000000d5580000)
  object space 594432K, 24% used [0x0000000080000000,0x0000000088c40e78,0x00000000a4480000)
 Metaspace       used 74435K, committed 76224K, reserved 1179648K
  class space    used 7529K, committed 8320K, reserved 1048576K
}
Event: 5261.080 GC heap before
{Heap before GC invocations=360 (full 4):
 PSYoungGen      total 4096K, used 3328K [0x00000000d5580000, 0x00000000d5a00000, 0x0000000100000000)
  eden space 3072K, 100% used [0x00000000d5580000,0x00000000d5880000,0x00000000d5880000)
  from space 1024K, 25% used [0x00000000d5880000,0x00000000d58c0000,0x00000000d5980000)
  to   space 512K, 0% used [0x00000000d5980000,0x00000000d5980000,0x00000000d5a00000)
 ParOldGen       total 594432K, used 143619K [0x0000000080000000, 0x00000000a4480000, 0x00000000d5580000)
  object space 594432K, 24% used [0x0000000080000000,0x0000000088c40e78,0x00000000a4480000)
 Metaspace       used 74447K, committed 76224K, reserved 1179648K
  class space    used 7529K, committed 8320K, reserved 1048576K
}
Event: 5261.081 GC heap after
{Heap after GC invocations=360 (full 4):
 PSYoungGen      total 3584K, used 288K [0x00000000d5580000, 0x00000000d5a00000, 0x0000000100000000)
  eden space 3072K, 0% used [0x00000000d5580000,0x00000000d5580000,0x00000000d5880000)
  from space 512K, 56% used [0x00000000d5980000,0x00000000d59c8000,0x00000000d5a00000)
  to   space 512K, 0% used [0x00000000d5900000,0x00000000d5900000,0x00000000d5980000)
 ParOldGen       total 594432K, used 143675K [0x0000000080000000, 0x00000000a4480000, 0x00000000d5580000)
  object space 594432K, 24% used [0x0000000080000000,0x0000000088c4ee78,0x00000000a4480000)
 Metaspace       used 74447K, committed 76224K, reserved 1179648K
  class space    used 7529K, committed 8320K, reserved 1048576K
}
Event: 5261.134 GC heap before
{Heap before GC invocations=361 (full 4):
 PSYoungGen      total 3584K, used 3360K [0x00000000d5580000, 0x00000000d5a00000, 0x0000000100000000)
  eden space 3072K, 100% used [0x00000000d5580000,0x00000000d5880000,0x00000000d5880000)
  from space 512K, 56% used [0x00000000d5980000,0x00000000d59c8000,0x00000000d5a00000)
  to   space 512K, 0% used [0x00000000d5900000,0x00000000d5900000,0x00000000d5980000)
 ParOldGen       total 594432K, used 143675K [0x0000000080000000, 0x00000000a4480000, 0x00000000d5580000)
  object space 594432K, 24% used [0x0000000080000000,0x0000000088c4ee78,0x00000000a4480000)
 Metaspace       used 74477K, committed 76288K, reserved 1179648K
  class space    used 7530K, committed 8320K, reserved 1048576K
}
Event: 5261.134 GC heap after
{Heap after GC invocations=361 (full 4):
 PSYoungGen      total 3584K, used 224K [0x00000000d5580000, 0x00000000d5a00000, 0x0000000100000000)
  eden space 3072K, 0% used [0x00000000d5580000,0x00000000d5580000,0x00000000d5880000)
  from space 512K, 43% used [0x00000000d5900000,0x00000000d5938000,0x00000000d5980000)
  to   space 512K, 0% used [0x00000000d5980000,0x00000000d5980000,0x00000000d5a00000)
 ParOldGen       total 594432K, used 143803K [0x0000000080000000, 0x00000000a4480000, 0x00000000d5580000)
  object space 594432K, 24% used [0x0000000080000000,0x0000000088c6ee78,0x00000000a4480000)
 Metaspace       used 74477K, committed 76288K, reserved 1179648K
  class space    used 7530K, committed 8320K, reserved 1048576K
}

