# JRE version: OpenJDK Runtime Environment Temurin-21.0.9+10 (21.0.9+10) (build 21.0.9+10-LTS)
# Java VM: OpenJDK 64-Bit Server VM Temurin-21.0.9+10 (21.0.9+10-LTS, mixed mode, sharing, tiered, compressed oops, compressed class ptrs, parallel gc, windows-amd64)
GC Precious Log:
 CardTable entry size: 512
 CPUs: 8 total, 8 available
 Memory: 16183M
 Large Page Support: Disabled
 NUMA Support: Disabled
 Compressed Oops: Enabled (32-bit)
 Alignments: Space 512K, Generation 512K, Heap 2M
 Heap Min Capacity: 100M
 Heap Initial Capacity: 100M
 Heap Max Capacity: 2G
 Pre-touch: Disabled
 Parallel Workers: 8
Heap:
 PSYoungGen      total 8704K, used 6418K [0x00000000d5580000, 0x00000000d6000000, 0x0000000100000000)
  eden space 6144K, 85% used [0x00000000d5580000,0x00000000d5a9b770,0x00000000d5b80000)
  from space 2560K, 46% used [0x00000000d5b80000,0x00000000d5ca9210,0x00000000d5e00000)
  to   space 1536K, 0% used [0x00000000d5e80000,0x00000000d5e80000,0x00000000d6000000)
 ParOldGen       total 304128K, used 304062K [0x0000000080000000, 0x0000000092900000, 0x00000000d5580000)
  object space 304128K, 99% used [0x0000000080000000,0x00000000928ef838,0x0000000092900000)
 Metaspace       used 67924K, committed 69504K, reserved 1114112K
  class space    used 6941K, committed 7616K, reserved 1048576K
GC Heap History (20 events):
Event: 6612.567 GC heap before
{Heap before GC invocations=107 (full 3):
 PSYoungGen      total 11264K, used 11168K [0x00000000d5580000, 0x00000000d6680000, 0x0000000100000000)
  eden space 6144K, 100% used [0x00000000d5580000,0x00000000d5b80000,0x00000000d5b80000)
  from space 5120K, 98% used [0x00000000d5c80000,0x00000000d6168000,0x00000000d6180000)
  to   space 5120K, 0% used [0x00000000d6180000,0x00000000d6180000,0x00000000d6680000)
 ParOldGen       total 265216K, used 264883K [0x0000000080000000, 0x0000000090300000, 0x00000000d5580000)
  object space 265216K, 99% used [0x0000000080000000,0x00000000902acd48,0x0000000090300000)
 Metaspace       used 67686K, committed 69248K, reserved 1114112K
  class space    used 6934K, committed 7616K, reserved 1048576K
}
Event: 6612.569 GC heap after
{Heap after GC invocations=107 (full 3):
 PSYoungGen      total 11264K, used 4626K [0x00000000d5580000, 0x00000000d6680000, 0x0000000100000000)
  eden space 6144K, 0% used [0x00000000d5580000,0x00000000d5580000,0x00000000d5b80000)
  from space 5120K, 90% used [0x00000000d6180000,0x00000000d6604b48,0x00000000d6680000)
  to   space 5120K, 0% used [0x00000000d5c80000,0x00000000d5c80000,0x00000000d6180000)
 ParOldGen       total 269824K, used 269751K [0x0000000080000000, 0x0000000090780000, 0x00000000d5580000)
  object space 269824K, 99% used [0x0000000080000000,0x000000009076dda8,0x0000000090780000)
 Metaspace       used 67686K, committed 69248K, reserved 1114112K
  class space    used 6934K, committed 7616K, reserved 1048576K
}
Event: 6612.653 GC heap before
{Heap before GC invocations=108 (full 3):
 PSYoungGen      total 11264K, used 10770K [0x00000000d5580000, 0x00000000d6680000, 0x0000000100000000)
  eden space 6144K, 99% used [0x00000000d5580000,0x00000000d5b7fff0,0x00000000d5b80000)
  from space 5120K, 90% used [0x00000000d6180000,0x00000000d6604b48,0x00000000d6680000)
  to   space 5120K, 0% used [0x00000000d5c80000,0x00000000d5c80000,0x00000000d6180000)
 ParOldGen       total 301568K, used 300471K [0x0000000080000000, 0x0000000092680000, 0x00000000d5580000)
  object space 301568K, 99% used [0x0000000080000000,0x000000009256ddd8,0x0000000092680000)
 Metaspace       used 67727K, committed 69312K, reserved 1114112K
  class space    used 6935K, committed 7616K, reserved 1048576K
}
Event: 6612.654 GC heap after
{Heap after GC invocations=108 (full 3):
 PSYoungGen      total 6656K, used 372K [0x00000000d5580000, 0x00000000d6200000, 0x0000000100000000)
  eden space 6144K, 0% used [0x00000000d5580000,0x00000000d5580000,0x00000000d5b80000)
  from space 512K, 72% used [0x00000000d5c80000,0x00000000d5cdd200,0x00000000d5d00000)
  to   space 2048K, 0% used [0x00000000d6000000,0x00000000d6000000,0x00000000d6200000)
 ParOldGen       total 301568K, used 300595K [0x0000000080000000, 0x0000000092680000, 0x00000000d5580000)
  object space 301568K, 99% used [0x0000000080000000,0x000000009258cfe0,0x0000000092680000)
 Metaspace       used 67727K, committed 69312K, reserved 1114112K
  class space    used 6935K, committed 7616K, reserved 1048576K
}
Event: 6612.672 GC heap before
{Heap before GC invocations=109 (full 3):
 PSYoungGen      total 6656K, used 6516K [0x00000000d5580000, 0x00000000d6200000, 0x0000000100000000)
  eden space 6144K, 100% used [0x00000000d5580000,0x00000000d5b80000,0x00000000d5b80000)
  from space 512K, 72% used [0x00000000d5c80000,0x00000000d5cdd200,0x00000000d5d00000)
  to   space 2048K, 0% used [0x00000000d6000000,0x00000000d6000000,0x00000000d6200000)
 ParOldGen       total 301568K, used 300595K [0x0000000080000000, 0x0000000092680000, 0x00000000d5580000)
  object space 301568K, 99% used [0x0000000080000000,0x000000009258cfe0,0x0000000092680000)
 Metaspace       used 67732K, committed 69312K, reserved 1114112K
  class space    used 6935K, committed 7616K, reserved 1048576K
}
Event: 6612.673 GC heap after
{Heap after GC invocations=109 (full 3):
 PSYoungGen      total 6656K, used 308K [0x00000000d5580000, 0x00000000d6080000, 0x0000000100000000)
  eden space 6144K, 0% used [0x00000000d5580000,0x00000000d5580000,0x00000000d5b80000)
  from space 512K, 60% used [0x00000000d6000000,0x00000000d604d200,0x00000000d6080000)
  to   space 1024K, 0% used [0x00000000d5e80000,0x00000000d5e80000,0x00000000d5f80000)
 ParOldGen       total 301568K, used 300719K [0x0000000080000000, 0x0000000092680000, 0x00000000d5580000)
  object space 301568K, 99% used [0x0000000080000000,0x00000000925abff0,0x0000000092680000)
 Metaspace       used 67732K, committed 69312K, reserved 1114112K
  class space    used 6935K, committed 7616K, reserved 1048576K
}
Event: 6613.108 GC heap before
{Heap before GC invocations=110 (full 3):
 PSYoungGen      total 6656K, used 6452K [0x00000000d5580000, 0x00000000d6080000, 0x0000000100000000)
  eden space 6144K, 100% used [0x00000000d5580000,0x00000000d5b80000,0x00000000d5b80000)
  from space 512K, 60% used [0x00000000d6000000,0x00000000d604d200,0x00000000d6080000)
  to   space 1024K, 0% used [0x00000000d5e80000,0x00000000d5e80000,0x00000000d5f80000)
 ParOldGen       total 301568K, used 300719K [0x0000000080000000, 0x0000000092680000, 0x00000000d5580000)
  object space 301568K, 99% used [0x0000000080000000,0x00000000925abff0,0x0000000092680000)
 Metaspace       used 67780K, committed 69376K, reserved 1114112K
  class space    used 6935K, committed 7616K, reserved 1048576K
}
Event: 6613.109 GC heap after
{Heap after GC invocations=110 (full 3):
 PSYoungGen      total 7168K, used 192K [0x00000000d5580000, 0x00000000d6080000, 0x0000000100000000)
  eden space 6144K, 0% used [0x00000000d5580000,0x00000000d5580000,0x00000000d5b80000)
  from space 1024K, 18% used [0x00000000d5e80000,0x00000000d5eb0000,0x00000000d5f80000)
  to   space 512K, 0% used [0x00000000d6000000,0x00000000d6000000,0x00000000d6080000)
 ParOldGen       total 301568K, used 300751K [0x0000000080000000, 0x0000000092680000, 0x00000000d5580000)
  object space 301568K, 99% used [0x0000000080000000,0x00000000925b3ff0,0x0000000092680000)
 Metaspace       used 67780K, committed 69376K, reserved 1114112K
  class space    used 6935K, committed 7616K, reserved 1048576K
}
Event: 6613.208 GC heap before
{Heap before GC invocations=111 (full 3):
 PSYoungGen      total 7168K, used 6335K [0x00000000d5580000, 0x00000000d6080000, 0x0000000100000000)
  eden space 6144K, 99% used [0x00000000d5580000,0x00000000d5b7ffc8,0x00000000d5b80000)
  from space 1024K, 18% used [0x00000000d5e80000,0x00000000d5eb0000,0x00000000d5f80000)
  to   space 512K, 0% used [0x00000000d6000000,0x00000000d6000000,0x00000000d6080000)
 ParOldGen       total 301568K, used 300751K [0x0000000080000000, 0x0000000092680000, 0x00000000d5580000)
  object space 301568K, 99% used [0x0000000080000000,0x00000000925b3ff0,0x0000000092680000)
 Metaspace       used 67784K, committed 69376K, reserved 1114112K
  class space    used 6935K, committed 7616K, reserved 1048576K
}
Event: 6613.209 GC heap after
{Heap after GC invocations=111 (full 3):
 PSYoungGen      total 6656K, used 410K [0x00000000d5580000, 0x00000000d6080000, 0x0000000100000000)
  eden space 6144K, 0% used [0x00000000d5580000,0x00000000d5580000,0x00000000d5b80000)
  from space 512K, 80% used [0x00000000d6000000,0x00000000d6066920,0x00000000d6080000)
  to   space 512K, 0% used [0x00000000d5f80000,0x00000000d5f80000,0x00000000d6000000)
 ParOldGen       total 301568K, used 300860K [0x0000000080000000, 0x0000000092680000, 0x00000000d5580000)
  object space 301568K, 99% used [0x0000000080000000,0x00000000925cf128,0x0000000092680000)
 Metaspace       used 67784K, committed 69376K, reserved 1114112K
  class space    used 6935K, committed 7616K, reserved 1048576K
}
Event: 6619.488 GC heap before
{Heap before GC invocations=112 (full 3):
 PSYoungGen      total 6656K, used 6553K [0x00000000d5580000, 0x00000000d6080000, 0x0000000100000000)
  eden space 6144K, 99% used [0x00000000d5580000,0x00000000d5b7fdb0,0x00000000d5b80000)
  from space 512K, 80% used [0x00000000d6000000,0x00000000d6066920,0x00000000d6080000)
  to   space 512K, 0% used [0x00000000d5f80000,0x00000000d5f80000,0x00000000d6000000)
 ParOldGen       total 301568K, used 300860K [0x0000000080000000, 0x0000000092680000, 0x00000000d5580000)
  object space 301568K, 99% used [0x0000000080000000,0x00000000925cf128,0x0000000092680000)
 Metaspace       used 67814K, committed 69440K, reserved 1114112K
  class space    used 6938K, committed 7616K, reserved 1048576K
}
Event: 6619.488 GC heap after
{Heap after GC invocations=112 (full 3):
 PSYoungGen      total 6656K, used 250K [0x00000000d5580000, 0x00000000d6080000, 0x0000000100000000)
  eden space 6144K, 0% used [0x00000000d5580000,0x00000000d5580000,0x00000000d5b80000)
  from space 512K, 48% used [0x00000000d5f80000,0x00000000d5fbe900,0x00000000d6000000)
  to   space 512K, 0% used [0x00000000d6000000,0x00000000d6000000,0x00000000d6080000)
 ParOldGen       total 301568K, used 301012K [0x0000000080000000, 0x0000000092680000, 0x00000000d5580000)
  object space 301568K, 99% used [0x0000000080000000,0x00000000925f5148,0x0000000092680000)
 Metaspace       used 67814K, committed 69440K, reserved 1114112K
  class space    used 6938K, committed 7616K, reserved 1048576K
}
Event: 6619.501 GC heap before
{Heap before GC invocations=113 (full 3):
 PSYoungGen      total 6656K, used 6394K [0x00000000d5580000, 0x00000000d6080000, 0x0000000100000000)
  eden space 6144K, 100% used [0x00000000d5580000,0x00000000d5b80000,0x00000000d5b80000)
  from space 512K, 48% used [0x00000000d5f80000,0x00000000d5fbe900,0x00000000d6000000)
  to   space 512K, 0% used [0x00000000d6000000,0x00000000d6000000,0x00000000d6080000)
 ParOldGen       total 301568K, used 301012K [0x0000000080000000, 0x0000000092680000, 0x00000000d5580000)
  object space 301568K, 99% used [0x0000000080000000,0x00000000925f5148,0x0000000092680000)
 Metaspace       used 67814K, committed 69440K, reserved 1114112K
  class space    used 6938K, committed 7616K, reserved 1048576K
}
Event: 6619.502 GC heap after
{Heap after GC invocations=113 (full 3):
 PSYoungGen      total 6656K, used 512K [0x00000000d5580000, 0x00000000d6080000, 0x0000000100000000)
  eden space 6144K, 0% used [0x00000000d5580000,0x00000000d5580000,0x00000000d5b80000)
  from space 512K, 100% used [0x00000000d6000000,0x00000000d6080000,0x00000000d6080000)
  to   space 1024K, 0% used [0x00000000d5e80000,0x00000000d5e80000,0x00000000d5f80000)
 ParOldGen       total 301568K, used 301402K [0x0000000080000000, 0x0000000092680000, 0x00000000d5580000)
  object space 301568K, 99% used [0x0000000080000000,0x0000000092656a68,0x0000000092680000)
 Metaspace       used 67814K, committed 69440K, reserved 1114112K
  class space    used 6938K, committed 7616K, reserved 1048576K
}
Event: 6619.514 GC heap before
{Heap before GC invocations=114 (full 3):
 PSYoungGen      total 6656K, used 6656K [0x00000000d5580000, 0x00000000d6080000, 0x0000000100000000)
  eden space 6144K, 100% used [0x00000000d5580000,0x00000000d5b80000,0x00000000d5b80000)
  from space 512K, 100% used [0x00000000d6000000,0x00000000d6080000,0x00000000d6080000)
  to   space 1024K, 0% used [0x00000000d5e80000,0x00000000d5e80000,0x00000000d5f80000)
 ParOldGen       total 301568K, used 301402K [0x0000000080000000, 0x0000000092680000, 0x00000000d5580000)
  object space 301568K, 99% used [0x0000000080000000,0x0000000092656a68,0x0000000092680000)
 Metaspace       used 67814K, committed 69440K, reserved 1114112K
  class space    used 6938K, committed 7616K, reserved 1048576K
}
Event: 6619.515 GC heap after
{Heap after GC invocations=114 (full 3):
 PSYoungGen      total 7168K, used 996K [0x00000000d5580000, 0x00000000d6080000, 0x0000000100000000)
  eden space 6144K, 0% used [0x00000000d5580000,0x00000000d5580000,0x00000000d5b80000)
  from space 1024K, 97% used [0x00000000d5e80000,0x00000000d5f79210,0x00000000d5f80000)
  to   space 1024K, 0% used [0x00000000d5f80000,0x00000000d5f80000,0x00000000d6080000)
 ParOldGen       total 302080K, used 301955K [0x0000000080000000, 0x0000000092700000, 0x00000000d5580000)
  object space 302080K, 99% used [0x0000000080000000,0x00000000926e0ec8,0x0000000092700000)
 Metaspace       used 67814K, committed 69440K, reserved 1114112K
  class space    used 6938K, committed 7616K, reserved 1048576K
}
Event: 6745.210 GC heap before
{Heap before GC invocations=115 (full 3):
 PSYoungGen      total 7168K, used 7140K [0x00000000d5580000, 0x00000000d6080000, 0x0000000100000000)
  eden space 6144K, 100% used [0x00000000d5580000,0x00000000d5b80000,0x00000000d5b80000)
  from space 1024K, 97% used [0x00000000d5e80000,0x00000000d5f79210,0x00000000d5f80000)
  to   space 1024K, 0% used [0x00000000d5f80000,0x00000000d5f80000,0x00000000d6080000)
 ParOldGen       total 302080K, used 301955K [0x0000000080000000, 0x0000000092700000, 0x00000000d5580000)
  object space 302080K, 99% used [0x0000000080000000,0x00000000926e0ec8,0x0000000092700000)
 Metaspace       used 67862K, committed 69440K, reserved 1114112K
  class space    used 6941K, committed 7616K, reserved 1048576K
}
Event: 6745.212 GC heap after
{Heap after GC invocations=115 (full 3):
 PSYoungGen      total 7168K, used 1012K [0x00000000d5580000, 0x00000000d6080000, 0x0000000100000000)
  eden space 6144K, 0% used [0x00000000d5580000,0x00000000d5580000,0x00000000d5b80000)
  from space 1024K, 98% used [0x00000000d5f80000,0x00000000d607d200,0x00000000d6080000)
  to   space 2560K, 0% used [0x00000000d5b80000,0x00000000d5b80000,0x00000000d5e00000)
 ParOldGen       total 303104K, used 303069K [0x0000000080000000, 0x0000000092800000, 0x00000000d5580000)
  object space 303104K, 99% used [0x0000000080000000,0x00000000927f7558,0x0000000092800000)
 Metaspace       used 67862K, committed 69440K, reserved 1114112K
  class space    used 6941K, committed 7616K, reserved 1048576K
}
Event: 6745.229 GC heap before
{Heap before GC invocations=116 (full 3):
 PSYoungGen      total 7168K, used 7156K [0x00000000d5580000, 0x00000000d6080000, 0x0000000100000000)
  eden space 6144K, 100% used [0x00000000d5580000,0x00000000d5b80000,0x00000000d5b80000)
  from space 1024K, 98% used [0x00000000d5f80000,0x00000000d607d200,0x00000000d6080000)
  to   space 2560K, 0% used [0x00000000d5b80000,0x00000000d5b80000,0x00000000d5e00000)
 ParOldGen       total 303104K, used 303069K [0x0000000080000000, 0x0000000092800000, 0x00000000d5580000)
  object space 303104K, 99% used [0x0000000080000000,0x00000000927f7558,0x0000000092800000)
 Metaspace       used 67872K, committed 69440K, reserved 1114112K
  class space    used 6941K, committed 7616K, reserved 1048576K
}
Event: 6745.231 GC heap after
{Heap after GC invocations=116 (full 3):
 PSYoungGen      total 8704K, used 1188K [0x00000000d5580000, 0x00000000d6000000, 0x0000000100000000)
  eden space 6144K, 0% used [0x00000000d5580000,0x00000000d5580000,0x00000000d5b80000)
  from space 2560K, 46% used [0x00000000d5b80000,0x00000000d5ca9210,0x00000000d5e00000)
  to   space 1536K, 0% used [0x00000000d5e80000,0x00000000d5e80000,0x00000000d6000000)
 ParOldGen       total 304128K, used 304062K [0x0000000080000000, 0x0000000092900000, 0x00000000d5580000)
  object space 304128K, 99% used [0x0000000080000000,0x00000000928ef838,0x0000000092900000)
 Metaspace       used 67872K, committed 69440K, reserved 1114112K
  class space    used 6941K, committed 7616K, reserved 1048576K
}

